<?xml version="1.0" encoding="UTF-8"?>
<!-- Generated by org.testng.reporters.JUnitReportReporter -->
<testsuite hostname="LAPTOP-N716SJOQ" failures="0" tests="26" name="Practice.Navigation" time="3.538" errors="1" timestamp="2021-07-06T09:15:27 IST" skipped="25">
  <testcase classname="Practice.Navigation" name="initialize" time="3.538">
    <error message="unknown error: cannot determine loading status
from disconnected: received Inspector.detached event
  (Session info: chrome=91.0.4472.124)
Build info: version: &#039;3.141.59&#039;, revision: &#039;e82be7d358&#039;, time: &#039;2018-11-14T08:17:03&#039;
System info: host: &#039;LAPTOP-N716SJOQ&#039;, ip: &#039;192.168.92.170&#039;, os.name: &#039;Windows 10&#039;, os.arch: &#039;amd64&#039;, os.version: &#039;10.0&#039;, java.version: &#039;11.0.10&#039;
Driver info: org.openqa.selenium.chrome.ChromeDriver
Capabilities {acceptInsecureCerts: false, browserName: chrome, browserVersion: 91.0.4472.124, chrome: {chromedriverVersion: 91.0.4472.19 (1bf021f248676..., userDataDir: C:\Users\pawan\AppData\Loca...}, goog:chromeOptions: {debuggerAddress: localhost:49649}, javascriptEnabled: true, networkConnectionEnabled: false, pageLoadStrategy: normal, platform: WINDOWS, platformName: WINDOWS, proxy: Proxy(), setWindowRect: true, strictFileInteractability: false, timeouts: {implicit: 0, pageLoad: 300000, script: 30000}, unhandledPromptBehavior: dismiss and notify, webauthn:extension:largeBlob: true, webauthn:virtualAuthenticators: true}
Session ID: 61adebd0189a0560351abc061a1099d7" type="org.openqa.selenium.WebDriverException">
      <![CDATA[org.openqa.selenium.WebDriverException: unknown error: cannot determine loading status
from disconnected: received Inspector.detached event
  (Session info: chrome=91.0.4472.124)
Build info: version: '3.141.59', revision: 'e82be7d358', time: '2018-11-14T08:17:03'
System info: host: 'LAPTOP-N716SJOQ', ip: '192.168.92.170', os.name: 'Windows 10', os.arch: 'amd64', os.version: '10.0', java.version: '11.0.10'
Driver info: org.openqa.selenium.chrome.ChromeDriver
Capabilities {acceptInsecureCerts: false, browserName: chrome, browserVersion: 91.0.4472.124, chrome: {chromedriverVersion: 91.0.4472.19 (1bf021f248676..., userDataDir: C:\Users\pawan\AppData\Loca...}, goog:chromeOptions: {debuggerAddress: localhost:49649}, javascriptEnabled: true, networkConnectionEnabled: false, pageLoadStrategy: normal, platform: WINDOWS, platformName: WINDOWS, proxy: Proxy(), setWindowRect: true, strictFileInteractability: false, timeouts: {implicit: 0, pageLoad: 300000, script: 30000}, unhandledPromptBehavior: dismiss and notify, webauthn:extension:largeBlob: true, webauthn:virtualAuthenticators: true}
Session ID: 61adebd0189a0560351abc061a1099d7
at java.base/jdk.internal.reflect.NativeConstructorAccessorImpl.newInstance0(Native Method)
at java.base/jdk.internal.reflect.NativeConstructorAccessorImpl.newInstance(NativeConstructorAccessorImpl.java:62)
at java.base/jdk.internal.reflect.DelegatingConstructorAccessorImpl.newInstance(DelegatingConstructorAccessorImpl.java:45)
at java.base/java.lang.reflect.Constructor.newInstance(Constructor.java:490)
at org.openqa.selenium.remote.http.W3CHttpResponseCodec.createException(W3CHttpResponseCodec.java:187)
at org.openqa.selenium.remote.http.W3CHttpResponseCodec.decode(W3CHttpResponseCodec.java:122)
at org.openqa.selenium.remote.http.W3CHttpResponseCodec.decode(W3CHttpResponseCodec.java:49)
at org.openqa.selenium.remote.HttpCommandExecutor.execute(HttpCommandExecutor.java:158)
at org.openqa.selenium.remote.service.DriverCommandExecutor.execute(DriverCommandExecutor.java:83)
at org.openqa.selenium.remote.RemoteWebDriver.execute(RemoteWebDriver.java:552)
at org.openqa.selenium.remote.RemoteWebDriver.get(RemoteWebDriver.java:277)
at Practice.Navigation.initialize(Navigation.java:54)
at java.base/jdk.internal.reflect.NativeMethodAccessorImpl.invoke0(Native Method)
at java.base/jdk.internal.reflect.NativeMethodAccessorImpl.invoke(NativeMethodAccessorImpl.java:62)
at java.base/jdk.internal.reflect.DelegatingMethodAccessorImpl.invoke(DelegatingMethodAccessorImpl.java:43)
at java.base/java.lang.reflect.Method.invoke(Method.java:566)
at org.testng.internal.MethodInvocationHelper.invokeMethod(MethodInvocationHelper.java:132)
at org.testng.internal.MethodInvocationHelper.invokeMethodConsideringTimeout(MethodInvocationHelper.java:61)
at org.testng.internal.ConfigInvoker.invokeConfigurationMethod(ConfigInvoker.java:366)
at org.testng.internal.ConfigInvoker.invokeConfigurations(ConfigInvoker.java:320)
at org.testng.TestRunner.invokeTestConfigurations(TestRunner.java:617)
at org.testng.TestRunner.beforeRun(TestRunner.java:607)
at org.testng.TestRunner.run(TestRunner.java:578)
at org.testng.SuiteRunner.runTest(SuiteRunner.java:384)
at org.testng.SuiteRunner.runSequentially(SuiteRunner.java:378)
at org.testng.SuiteRunner.privateRun(SuiteRunner.java:337)
at org.testng.SuiteRunner.run(SuiteRunner.java:286)
at org.testng.SuiteRunnerWorker.runSuite(SuiteRunnerWorker.java:53)
at org.testng.SuiteRunnerWorker.run(SuiteRunnerWorker.java:96)
at org.testng.TestNG.runSuitesSequentially(TestNG.java:1218)
at org.testng.TestNG.runSuitesLocally(TestNG.java:1140)
at org.testng.TestNG.runSuites(TestNG.java:1069)
at org.testng.TestNG.run(TestNG.java:1037)
at org.testng.remote.AbstractRemoteTestNG.run(AbstractRemoteTestNG.java:115)
at org.testng.remote.RemoteTestNG.initAndRun(RemoteTestNG.java:251)
at org.testng.remote.RemoteTestNG.main(RemoteTestNG.java:77)
]]>
    </error>
  </testcase> <!-- initialize -->
  <system-out/>
  <testcase classname="Practice.Navigation" name="newWindow" time="0.000">
    <skipped/>
  </testcase> <!-- newWindow -->
  <system-out/>
  <testcase classname="Practice.Navigation" name="alertWindow" time="0.000">
    <skipped/>
  </testcase> <!-- alertWindow -->
  <system-out/>
  <testcase classname="Practice.Navigation" name="datepicker" time="0.000">
    <skipped/>
  </testcase> <!-- datepicker -->
  <system-out/>
  <testcase classname="Practice.Navigation" name="selectMenuSpeeds" time="0.000">
    <skipped/>
  </testcase> <!-- selectMenuSpeeds -->
  <system-out/>
  <testcase classname="Practice.Navigation" name="selectMenuFiles" time="0.000">
    <skipped/>
  </testcase> <!-- selectMenuFiles -->
  <system-out/>
  <testcase classname="Practice.Navigation" name="selectMenuNumber" time="0.000">
    <skipped/>
  </testcase> <!-- selectMenuNumber -->
  <system-out/>
  <testcase classname="Practice.Navigation" name="textMenu" time="0.000">
    <skipped/>
  </testcase> <!-- textMenu -->
  <system-out/>
  <testcase classname="Practice.Navigation" name="table" time="0.000">
    <skipped/>
  </testcase> <!-- table -->
  <system-out/>
  <testcase classname="Practice.Navigation" name="toolTip" time="0.000">
    <skipped/>
  </testcase> <!-- toolTip -->
  <system-out/>
  <testcase classname="Practice.Navigation" name="lasttName" time="0.000">
    <skipped/>
  </testcase> <!-- lasttName -->
  <system-out/>
  <testcase classname="Practice.Navigation" name="lasttName" time="0.000">
    <skipped/>
  </testcase> <!-- lasttName -->
  <system-out/>
  <testcase classname="Practice.Navigation" name="lasttName" time="0.000">
    <skipped/>
  </testcase> <!-- lasttName -->
  <system-out/>
  <testcase classname="Practice.Navigation" name="lasttName" time="0.000">
    <skipped/>
  </testcase> <!-- lasttName -->
  <system-out/>
  <testcase classname="Practice.Navigation" name="phone" time="0.000">
    <skipped/>
  </testcase> <!-- phone -->
  <system-out/>
  <testcase classname="Practice.Navigation" name="country" time="0.000">
    <skipped/>
  </testcase> <!-- country -->
  <system-out/>
  <testcase classname="Practice.Navigation" name="city" time="0.000">
    <skipped/>
  </testcase> <!-- city -->
  <system-out/>
  <testcase classname="Practice.Navigation" name="email" time="0.000">
    <skipped/>
  </testcase> <!-- email -->
  <system-out/>
  <testcase classname="Practice.Navigation" name="radio" time="0.000">
    <skipped/>
  </testcase> <!-- radio -->
  <system-out/>
  <testcase classname="Practice.Navigation" name="checkbox" time="0.000">
    <skipped/>
  </testcase> <!-- checkbox -->
  <system-out/>
  <testcase classname="Practice.Navigation" name="thrusday" time="0.000">
    <skipped/>
  </testcase> <!-- thrusday -->
  <system-out/>
  <testcase classname="Practice.Navigation" name="Doubleclick" time="0.000">
    <skipped/>
  </testcase> <!-- Doubleclick -->
  <system-out/>
  <testcase classname="Practice.Navigation" name="dragAndDrop" time="0.000">
    <skipped/>
  </testcase> <!-- dragAndDrop -->
  <system-out/>
  <testcase classname="Practice.Navigation" name="sliders" time="0.000">
    <skipped/>
  </testcase> <!-- sliders -->
  <system-out/>
  <testcase classname="Practice.Navigation" name="resize" time="0.000">
    <skipped/>
  </testcase> <!-- resize -->
  <system-out/>
  <testcase classname="Practice.Navigation" name="barcodes" time="0.000">
    <skipped/>
  </testcase> <!-- barcodes -->
  <system-out/>
</testsuite> <!-- Practice.Navigation -->
